[2026-03-04 22:58:02] New commit detected: b8dd35c5f29b898e561418ec985b044c5fcc9d5a
[2026-03-04 22:58:02] Deploying...
[deploy] Pulling latest code...
From https://github.com/als141/discord-music-app
 * branch            main       -> FETCH_HEAD
HEAD is now at b8dd35c Remove railway.toml - backend now runs on Raspberry Pi
[deploy] Installing dependencies...
Audited 65 packages in 2ms
[deploy] Restarting service...
[deploy] Waiting for startup...
[deploy] Deploy successful! Service is running.
[2026-03-04 22:58:06] Deploy completed (exit: 0)
[2026-03-04 23:08:57] New commit detected: d515b0325b687daa78cacde166405173c67d4257
[2026-03-04 23:08:57] Deploying...
[deploy] Pulling latest code...
From https://github.com/als141/discord-music-app
 * branch            main       -> FETCH_HEAD
HEAD is now at d515b03 Upgrade discord.py to 2.7.1 and add davey for voice support
[deploy] Installing dependencies...
   Building backend @ file:///home/als0028/discord-music-app/backend
      Built backend @ file:///home/als0028/discord-music-app/backend
Prepared 1 package in 2.16s
Uninstalled 1 package in 0.97ms
Installed 1 package in 4ms
 ~ backend==0.1.0 (from file:///home/als0028/discord-music-app/backend)
[deploy] Restarting service...
[deploy] Waiting for startup...
[deploy] Deploy successful! Service is running.
[2026-03-04 23:09:06] Deploy completed (exit: 0)
[2026-03-04 23:41:59] New commit detected: 3a4e98169e211355501c2056f7e5eeb9c6a30bed
[2026-03-04 23:41:59] Deploying...
[deploy] Pulling latest code...
From https://github.com/als141/discord-music-app
 * branch            main       -> FETCH_HEAD
HEAD is now at 3a4e981 Add api.atoriba.jp to CORS origins for Cloudflare Tunnel
[deploy] Installing dependencies...
Audited 66 packages in 3ms
[deploy] Restarting service...
[deploy] Waiting for startup...
[deploy] Deploy successful! Service is running.
[2026-03-04 23:42:03] Deploy completed (exit: 0)
[2026-03-04 23:46:48] New commit detected: 88e8ff831656621173a0d0dc7459aafaae1e726c
[2026-03-04 23:46:48] Deploying...
[deploy] Pulling latest code...
From https://github.com/als141/discord-music-app
 * branch            main       -> FETCH_HEAD
HEAD is now at 88e8ff8 Fix yt-dlp format string for broader compatibility
[deploy] Installing dependencies...
Audited 66 packages in 2ms
[deploy] Restarting service...
[deploy] Waiting for startup...
[deploy] Deploy successful! Service is running.
[2026-03-04 23:46:52] Deploy completed (exit: 0)
[2026-03-05 00:08:24] New commit detected: 98c76964eab3a09b0dbc619b15e1dbada71e03d2
[2026-03-05 00:08:24] Deploying...
[deploy] Pulling latest code...
From https://github.com/als141/discord-music-app
 * branch            main       -> FETCH_HEAD
HEAD is now at 98c7696 Add node to yt-dlp js_runtimes for YouTube signature solving
[deploy] Installing dependencies...
   Building backend @ file:///home/als0028/discord-music-app/backend
      Built backend @ file:///home/als0028/discord-music-app/backend
Prepared 1 package in 2.22s
Uninstalled 3 packages in 41ms
Installed 3 packages in 52ms
 ~ backend==0.1.0 (from file:///home/als0028/discord-music-app/backend)
 - yt-dlp==2026.3.3
 + yt-dlp==2025.12.8
 - yt-dlp-ejs==0.5.0
 + yt-dlp-ejs==0.3.2
[deploy] Restarting service...
[deploy] Waiting for startup...
[deploy] Deploy successful! Service is running.
[2026-03-05 00:08:32] Deploy completed (exit: 0)
[2026-03-05 00:26:03] New commit detected: da985da266e7b80c3ebfed9d4c1bce315b16323f
[2026-03-05 00:26:03] Deploying...
[deploy] Pulling latest code...
From https://github.com/als141/discord-music-app
 * branch            main       -> FETCH_HEAD
HEAD is now at da985da Fix pause endpoint error handling and realtime-session null check
[deploy] Installing dependencies...
Audited 66 packages in 2ms
[deploy] Restarting service...
[deploy] Waiting for startup...
[deploy] Deploy successful! Service is running.
[2026-03-05 00:26:06] Deploy completed (exit: 0)
[2026-03-05 12:21:02] New commit detected: 98845cdc3d5113b6a9380ab751e1b5db851023cf
[2026-03-05 12:21:02] Deploying...
HEAD is now at 98845cd Optimize frontend rendering performance
[2026-03-05 12:21:02] Non-backend change, pulled only
[2026-03-05 14:08:02] New commit detected: c124bc18f3e100d03133eb3c025b564255d52a02
[2026-03-05 14:08:02] Deploying...
HEAD is now at c124bc1 Implement comprehensive PWA support
[2026-03-05 14:08:02] Non-backend change, pulled only
[2026-03-06 21:27:59] New commit detected: cd947d1ad303651d88b5187e34226dfd8af0d955
[2026-03-06 21:27:59] Deploying...
[deploy] Pulling latest code...
From https://github.com/als141/discord-music-app
 * branch            main       -> FETCH_HEAD
HEAD is now at cd947d1 Disable text chat responses in on_message event handler
[deploy] Installing dependencies...
   Building backend @ file:///home/als0028/discord-music-app/backend
Downloading yt-dlp (3.2MiB)
 Downloaded yt-dlp
      Built backend @ file:///home/als0028/discord-music-app/backend
Prepared 3 packages in 2.75s
Uninstalled 3 packages in 56ms
Installed 3 packages in 48ms
 ~ backend==0.1.0 (from file:///home/als0028/discord-music-app/backend)
 - yt-dlp==2025.12.8
 + yt-dlp==2026.3.3
 - yt-dlp-ejs==0.3.2
 + yt-dlp-ejs==0.5.0
[deploy] Restarting service...
[deploy] Waiting for startup...
[deploy] Deploy successful! Service is running.
[2026-03-06 21:28:08] Deploy completed (exit: 0)
[2026-04-07 01:07:15] Non-backend change, pulled only
[2026-04-07 02:12:05] Deploy completed (exit: 0)
[2026-04-07 02:15:03] New commit detected: f5e2a7b3c0dc75ad1dbfaa42871ed857ea822fb5
[2026-04-07 02:15:03] Deploying...
[deploy] Pulling latest code...
From https://github.com/als141/discord-music-app
 * branch            main       -> FETCH_HEAD
[deploy] Local is ahead of origin/main (un-pushed changes exist). Skip auto-update.
[deploy] Local:  72ac92039a09c58c49d47b29d4acaf406b51acff
[deploy] Remote: f5e2a7b3c0dc75ad1dbfaa42871ed857ea822fb5
[2026-04-07 02:15:04] Deploy completed (exit: 0)
[2026-04-07 02:15:15] Local ahead of origin/main. Skipping auto-deploy to preserve local fix state.
[2026-04-07 02:15:31] Local ahead of origin/main. Skipping auto-deploy to preserve local fix state.
[2026-04-07 02:16:09] Local ahead of origin/main. Skipping auto-deploy to preserve local fix state.
[2026-04-07 02:16:18] Local ahead of origin/main. Skipping auto-deploy to preserve local fix state.
[2026-04-07 02:16:29] Local ahead of origin/main. Skipping auto-deploy to preserve local fix state.
[2026-04-07 02:16:46] Local ahead of origin/main. Skipping auto-deploy to preserve local fix state.
[2026-04-07 02:16:53] Local ahead of origin/main. Skipping auto-deploy to preserve local fix state.
[2026-04-07 02:17:03] Local ahead of origin/main. Skipping auto-deploy to preserve local fix state.
[2026-04-07 02:17:14] Local ahead of origin/main. Skipping auto-deploy to preserve local fix state.
[2026-04-07 02:17:31] Local ahead of origin/main. Skipping auto-deploy to preserve local fix state.
[2026-04-07 02:18:03] Local ahead of origin/main. Skipping auto-deploy to preserve local fix state.
[2026-04-07 02:18:13] Local ahead of origin/main. Skipping auto-deploy to preserve local fix state.
[2026-04-07 02:18:31] Local ahead of origin/main. Skipping auto-deploy to preserve local fix state.
[2026-04-07 02:19:01] Local ahead of origin/main. Skipping auto-deploy to preserve local fix state.
[2026-04-07 02:19:31] Local ahead of origin/main. Skipping auto-deploy to preserve local fix state.
[2026-04-07 02:19:51] Local ahead of origin/main. Skipping auto-deploy to preserve local fix state.
[2026-04-07 02:20:02] Local ahead of origin/main. Skipping auto-deploy to preserve local fix state.
[2026-04-07 02:20:31] Local ahead of origin/main. Skipping auto-deploy to preserve local fix state.
[2026-04-07 02:21:01] No remote changes. Local and origin are in sync.
[2026-04-07 02:21:31] No remote changes. Local and origin are in sync.
[2026-04-07 02:22:01] No remote changes. Local and origin are in sync.
[2026-04-07 02:22:11] No remote changes. Local and origin are in sync.
[2026-04-07 02:22:31] No remote changes. Local and origin are in sync.
[2026-04-07 02:23:02] No remote changes. Local and origin are in sync.
[2026-04-07 02:23:21] No remote changes. Local and origin are in sync.
[2026-04-07 02:23:38] No remote changes. Local and origin are in sync.
[2026-04-07 02:23:49] No remote changes. Local and origin are in sync.
[2026-04-07 02:24:02] No remote changes. Local and origin are in sync.
[2026-04-07 02:24:22] No remote changes. Local and origin are in sync.
[2026-04-07 02:25:02] No remote changes. Local and origin are in sync.
[2026-04-07 02:25:31] No remote changes. Local and origin are in sync.
[2026-04-07 02:26:02] No remote changes. Local and origin are in sync.
[2026-04-07 02:26:22] No remote changes. Local and origin are in sync.
[2026-04-07 02:26:41] No remote changes. Local and origin are in sync.
[2026-04-07 02:27:24] No remote changes. Local and origin are in sync.
[2026-04-07 02:27:26] No remote changes. Local and origin are in sync.
[2026-04-07 02:28:04] No remote changes. Local and origin are in sync.
[2026-04-07 02:28:32] No remote changes. Local and origin are in sync.
[2026-04-07 02:29:02] No remote changes. Local and origin are in sync.
[2026-04-07 02:29:31] No remote changes. Local and origin are in sync.
[2026-04-07 02:30:03] No remote changes. Local and origin are in sync.
[2026-04-07 02:30:21] No remote changes. Local and origin are in sync.
[2026-04-07 02:30:47] No remote changes. Local and origin are in sync.
[2026-04-07 02:31:01] No remote changes. Local and origin are in sync.
[2026-04-07 02:31:31] No remote changes. Local and origin are in sync.
[2026-04-07 02:32:02] No remote changes. Local and origin are in sync.
[2026-04-07 02:32:20] No remote changes. Local and origin are in sync.
[2026-04-07 02:32:31] No remote changes. Local and origin are in sync.
[2026-04-07 02:32:59] No remote changes. Local and origin are in sync.
[2026-04-07 02:33:31] No remote changes. Local and origin are in sync.
[2026-04-07 02:33:51] No remote changes. Local and origin are in sync.
[2026-04-07 02:34:01] No remote changes. Local and origin are in sync.
[2026-04-07 02:34:31] No remote changes. Local and origin are in sync.
[2026-04-07 02:35:01] No remote changes. Local and origin are in sync.
[2026-04-07 02:35:31] No remote changes. Local and origin are in sync.
[2026-04-07 02:36:02] No remote changes. Local and origin are in sync.
[2026-04-07 02:36:31] No remote changes. Local and origin are in sync.
[2026-04-07 02:37:01] No remote changes. Local and origin are in sync.
[2026-04-07 02:37:21] No remote changes. Local and origin are in sync.
[2026-04-07 02:38:02] No remote changes. Local and origin are in sync.
[2026-04-07 02:38:31] No remote changes. Local and origin are in sync.
[2026-04-07 02:39:02] No remote changes. Local and origin are in sync.
[2026-04-07 02:39:23] No remote changes. Local and origin are in sync.
[2026-04-07 02:39:41] No remote changes. Local and origin are in sync.
[2026-04-07 02:39:56] No remote changes. Local and origin are in sync.
[2026-04-07 02:40:31] No remote changes. Local and origin are in sync.
[2026-04-07 02:40:43] No remote changes. Local and origin are in sync.
[2026-04-07 02:41:02] No remote changes. Local and origin are in sync.
[2026-04-07 02:41:31] No remote changes. Local and origin are in sync.
[2026-04-07 02:42:02] No remote changes. Local and origin are in sync.
[2026-04-07 02:42:21] No remote changes. Local and origin are in sync.
[2026-04-07 02:43:02] No remote changes. Local and origin are in sync.
[2026-04-07 02:43:31] No remote changes. Local and origin are in sync.
[2026-04-07 02:43:51] No remote changes. Local and origin are in sync.
[2026-04-07 02:44:02] No remote changes. Local and origin are in sync.
[2026-04-07 02:44:16] No remote changes. Local and origin are in sync.
[2026-04-07 02:44:31] No remote changes. Local and origin are in sync.
[2026-04-07 02:44:44] No remote changes. Local and origin are in sync.
[2026-04-07 02:45:02] No remote changes. Local and origin are in sync.
[2026-04-07 02:45:19] No remote changes. Local and origin are in sync.
[2026-04-07 02:45:31] No remote changes. Local and origin are in sync.
[2026-04-07 02:45:51] No remote changes. Local and origin are in sync.
[2026-04-07 02:46:02] No remote changes. Local and origin are in sync.
[2026-04-07 02:46:31] No remote changes. Local and origin are in sync.
[2026-04-07 02:47:01] No remote changes. Local and origin are in sync.
[2026-04-07 02:47:26] No remote changes. Local and origin are in sync.
[2026-04-07 02:47:39] No remote changes. Local and origin are in sync.
[2026-04-07 02:48:02] No remote changes. Local and origin are in sync.
[2026-04-07 02:48:31] No remote changes. Local and origin are in sync.
[2026-04-07 02:49:02] No remote changes. Local and origin are in sync.
