2025-07-06 15:51:10,187 - app.services.music_player - INFO - 音楽プレイヤーを初期化 (Guild: テストサーバー, ID: 1080511818658762752)
2025-07-06 15:51:10,188 - app.services.music_player - INFO - 音楽プレイヤーループを開始 (Guild: 1080511818658762752)
2025-07-06 16:06:31,732 - app.services.music_player - INFO - 音楽プレイヤーを初期化 (Guild: テストサーバー, ID: 1080511818658762752)
2025-07-06 16:06:31,734 - app.services.music_player - INFO - 音楽プレイヤーループを開始 (Guild: 1080511818658762752)
2025-07-06 16:06:51,154 - app.services.music_player - INFO - 再生準備: Plazma (music/Plazma-GjC4SznBD_A.webm)
2025-07-06 16:06:51,181 - app.services.music_player - INFO - 再生開始: Plazma
2025-07-06 16:09:55,000 - app.services.music_player - INFO - 音楽プレイヤーを初期化 (Guild: テストサーバー, ID: 1080511818658762752)
2025-07-06 16:09:55,002 - app.services.music_player - INFO - 音楽プレイヤーループを開始 (Guild: 1080511818658762752)
2025-07-06 16:10:13,225 - app.services.music_player - INFO - 再生準備: Plazma (music/Plazma-GjC4SznBD_A.webm)
2025-07-06 16:10:13,227 - app.services.music_player - INFO - 再生開始: Plazma
2025-07-06 16:23:07,726 - app.services.music_player - INFO - 音楽プレイヤーを初期化 (Guild: テストサーバー, ID: 1080511818658762752)
2025-07-06 16:23:07,728 - app.services.music_player - INFO - 音楽プレイヤーループを開始 (Guild: 1080511818658762752)
2025-07-06 16:23:07,946 - app.services.music_player - INFO - 音楽プレイヤーを初期化 (Guild: ドデカサーバー, ID: 1093915551174234212)
2025-07-06 16:23:07,947 - app.services.music_player - INFO - 音楽プレイヤーループを開始 (Guild: 1093915551174234212)
2025-07-06 16:23:52,265 - app.services.music_player - INFO - 再生準備: Plazma (music/Plazma-GjC4SznBD_A.webm)
2025-07-06 16:23:52,267 - app.services.music_player - INFO - 再生開始: Plazma
2026-01-14 03:11:18,662 - app.services.music_player - INFO - 音楽プレイヤーを初期化 (Guild: テストサーバー, ID: 1080511818658762752)
2026-01-14 03:11:18,663 - app.services.music_player - INFO - 音楽プレイヤーループを開始 (Guild: 1080511818658762752)
2026-01-14 03:11:39,178 - app.services.music_player - INFO - 再生準備: IRIS OUT (music/IRIS_OUT-wggigwtz4dQ.webm)
2026-01-14 03:11:39,185 - app.services.music_player - INFO - 再生開始: IRIS OUT
2026-01-14 04:16:09,525 - app.services.music_player - INFO - 再生準備: Que Sera Sera (music/Que_Sera_Sera-s4ZThuWQdhA.webm)
2026-01-14 04:16:09,539 - app.services.music_player - INFO - 再生開始: Que Sera Sera
2026-01-14 04:25:56,605 - app.services.music_player - INFO - 再生準備: IRIS OUT (music/IRIS_OUT-wggigwtz4dQ.webm)
2026-01-14 04:25:56,609 - app.services.music_player - INFO - 再生開始: IRIS OUT
2026-01-14 04:28:29,776 - app.services.music_player - INFO - 再生準備: Seikai (music/Seikai-lMDjJqWquXM.webm)
2026-01-14 04:28:29,780 - app.services.music_player - INFO - 再生開始: Seikai
2026-01-14 04:37:10,768 - app.services.music_player - INFO - 再生準備: IRIS OUT (music/IRIS_OUT-wggigwtz4dQ.webm)
2026-01-14 04:37:10,772 - app.services.music_player - INFO - 再生開始: IRIS OUT
